[debug] [2023-10-06T01:29:45.498Z] ----------------------------------------------------------------------
[debug] [2023-10-06T01:29:45.499Z] Command:       /usr/local/bin/node /usr/local/bin/firebase init
[debug] [2023-10-06T01:29:45.499Z] CLI Version:   12.6.2
[debug] [2023-10-06T01:29:45.499Z] Platform:      darwin
[debug] [2023-10-06T01:29:45.499Z] Node Version:  v16.16.0
[debug] [2023-10-06T01:29:45.500Z] Time:          Thu Oct 05 2023 21:29:45 GMT-0400 (Eastern Daylight Saving Time)
[debug] [2023-10-06T01:29:45.500Z] ----------------------------------------------------------------------
[debug] 
[debug] [2023-10-06T01:29:45.503Z] > command requires scopes: ["email","openid","https://www.googleapis.com/auth/cloudplatformprojects.readonly","https://www.googleapis.com/auth/firebase","https://www.googleapis.com/auth/cloud-platform"]
[debug] [2023-10-06T01:29:45.503Z] > authorizing via signed-in user (medber1997@gmail.com)
[info] 
     ######## #### ########  ######## ########     ###     ######  ########
     ##        ##  ##     ## ##       ##     ##  ##   ##  ##       ##
     ######    ##  ########  ######   ########  #########  ######  ######
     ##        ##  ##    ##  ##       ##     ## ##     ##       ## ##
     ##       #### ##     ## ######## ########  ##     ##  ######  ########

You're about to initialize a Firebase project in this directory:

  /products/mohammedberrada/Desktop/Development/gestionCommande/lunette

[debug] [2023-10-06T06:49:19.082Z] ----------------------------------------------------------------------
[debug] [2023-10-06T06:49:19.083Z] Command:       /usr/local/bin/node /usr/local/bin/firebase init hosting
[debug] [2023-10-06T06:49:19.084Z] CLI Version:   12.6.2
[debug] [2023-10-06T06:49:19.084Z] Platform:      darwin
[debug] [2023-10-06T06:49:19.084Z] Node Version:  v16.16.0
[debug] [2023-10-06T06:49:19.085Z] Time:          Fri Oct 06 2023 02:49:19 GMT-0400 (Eastern Daylight Saving Time)
[debug] [2023-10-06T06:49:19.085Z] ----------------------------------------------------------------------
[debug] 
[debug] [2023-10-06T06:49:19.088Z] > command requires scopes: ["email","openid","https://www.googleapis.com/auth/cloudplatformprojects.readonly","https://www.googleapis.com/auth/firebase","https://www.googleapis.com/auth/cloud-platform"]
[debug] [2023-10-06T06:49:19.088Z] > authorizing via signed-in user (medber1997@gmail.com)
[info] 
     ######## #### ########  ######## ########     ###     ######  ########
     ##        ##  ##     ## ##       ##     ##  ##   ##  ##       ##
     ######    ##  ########  ######   ########  #########  ######  ######
     ##        ##  ##    ##  ##       ##     ## ##     ##       ## ##
     ##       #### ##     ## ######## ########  ##     ##  ######  ########

You're about to initialize a Firebase project in this directory:

  /Users/mohammedberrada/Desktop/Development/gestionCommande/lunette

[info] 
=== Project Setup
[info] 
[info] First, let's associate this project directory with a Firebase project.
[info] You can create multiple project aliases by running firebase use --add, 
[info] but for now we'll just set up a default project.
[info] 
[debug] [2023-10-06T06:49:22.725Z] > refreshing access token with scopes: []
[debug] [2023-10-06T06:49:22.728Z] >>> [apiv2][query] POST https://www.googleapis.com/oauth2/v3/token [none]
[debug] [2023-10-06T06:49:22.728Z] >>> [apiv2][body] POST https://www.googleapis.com/oauth2/v3/token [omitted]
[debug] [2023-10-06T06:49:22.894Z] <<< [apiv2][status] POST https://www.googleapis.com/oauth2/v3/token 200
[debug] [2023-10-06T06:49:22.895Z] <<< [apiv2][body] POST https://www.googleapis.com/oauth2/v3/token [omitted]
[debug] [2023-10-06T06:49:22.919Z] >>> [apiv2][query] GET https://firebase.googleapis.com/v1beta1/projects pageSize=100
[debug] [2023-10-06T06:49:23.498Z] <<< [apiv2][status] GET https://firebase.googleapis.com/v1beta1/projects 200
[debug] [2023-10-06T06:49:23.499Z] <<< [apiv2][body] GET https://firebase.googleapis.com/v1beta1/projects [omitted]
[info] i  Using project gestionlunette (gestionLunette) 
[info] 
=== Hosting Setup
[info] 
[info] Your public directory is the folder (relative to your project directory) that
[info] will contain Hosting assets to be uploaded with firebase deploy. If you
[info] have a build process for your assets, use your build's output directory.
[info] 
